<?xml version="1.0" encoding="UTF-8"?>
<testsuite xmlns:xsi="http://www.w3.org/2001/XMLSchema-instance" xsi:noNamespaceSchemaLocation="https://maven.apache.org/surefire/maven-surefire-plugin/xsd/surefire-test-report-3.0.xsd" version="3.0" name="TestSuite" time="381.298" tests="16" errors="0" skipped="0" failures="0">
  <properties>
[...]
</properties>
  <testcase name="verifyCatNumber" classname="testcases.validateMainPageTest" time="5.194"/>
  <testcase name="verifyCatNumber" classname="testcases.validateMainPageTest" time="5.142"/>
  <testcase name="verifyLegalNotices" classname="testcases.validateMainPageTest" time="1.249"/>
  <testcase name="verifyLegalNotices" classname="testcases.validateMainPageTest" time="1.222"/>
  <testcase name="sideMenuTests" classname="testcases.sideMenu.validateSideMenuPageTest" time="1.588"/>
  <testcase name="footballPageTests" classname="testcases.validateFootballPageTest" time="6.074"/>
  <testcase name="PremierLeagueTests" classname="testcases.validatePremierLeaguePageTest" time="11.575"/>
  <testcase name="validateTermsAndCondPageTest" classname="testcases.sideMenu.validateTermsAndConditionsPageTest" time="8.461"/>
  <testcase name="validatePrivacyPolicyPageTest" classname="testcases.sideMenu.validatePrivacyPolicyPageTest" time="7.58"/>
  <testcase name="validatePrivacySettingsPageTest" classname="testcases.sideMenu.validatePrivacySettingsPageTest" time="19.15"/>
  <testcase name="CookiePolicyPageTest" classname="testcases.sideMenu.validateCookiePolicyPageTest" time="7.066"/>
  <testcase name="helpPageTest" classname="testcases.sideMenu.validateHelpPageTest" time="14.109"/>
  <testcase name="contactUsPageTest" classname="testcases.sideMenu.underHelpPage.validateContactUsPageTest" time="16.8"/>
  <testcase name="loginTest" classname="testcases.loginPageTest" time="3.492"/>
  <testcase name="liveChatPageTest" classname="testcases.sideMenu.underHelpPage.validateLiveChatPageTest" time="16.822"/>
  <testcase name="discoverEurosportPageTest" classname="testcases.sideMenu.underHelpPage.validateDiscoverEurosportPageTest" time="7.92"/>
</testsuite>