-------------------------------------------------------------------------------
Test set: TestSuite
-------------------------------------------------------------------------------
Tests run: 5, Failures: 1, Errors: 0, Skipped: 0, Time elapsed: 95.656 s <<< FAILURE! - in TestSuite
basicTests(Sanity.validateSideMenuPage)  Time elapsed: 7.745 s  <<< FAILURE!
java.lang.AssertionError: expected [12] but found [9]
	at Sanity.validateSideMenuPage.basicTests(validateSideMenuPage.java:36)

