<?xml version="1.0" encoding="UTF-8"?>
<!-- Generated by org.testng.reporters.JUnitXMLReporter -->
<testsuite ignored="0" hostname="Leonidus-TOSH" failures="0" tests="2" name="Test - validate main page" time="19.466" errors="0" timestamp="2019-04-20T14:03:28 IDT">
  <testcase classname="testcases.validateMainPageTest" name="verifyCatNumber" time="1.271"/>
  <testcase classname="testcases.validateMainPageTest" name="verifyLegalNotices" time="1.325"/>
</testsuite> <!-- Test - validate main page -->
